This file contains any messages produced by compilers while
running configure, to aid debugging if configure makes a mistake.

It was created by pcc-libs configure 1.2.0.DEVEL, which was
generated by GNU Autoconf 2.69.  Invocation command line was

  $ ./configure 

## --------- ##
## Platform. ##
## --------- ##

hostname = fedora
uname -m = x86_64
uname -r = 6.14.0-0.rc7.20250321gitb3ee1e460951.60.fc43.x86_64
uname -s = Linux
uname -v = #1 SMP PREEMPT_DYNAMIC Fri Mar 21 17:27:07 UTC 2025

/usr/bin/uname -p = unknown
/bin/uname -X     = unknown

/bin/arch              = x86_64
/usr/bin/arch -k       = unknown
/usr/convex/getsysinfo = unknown
/usr/bin/hostinfo      = unknown
/bin/machine           = unknown
/usr/bin/oslevel       = unknown
/bin/universe          = unknown

PATH: /usr/local/sbin
PATH: /usr/local/bin
PATH: /usr/sbin
PATH: /usr/bin


## ----------- ##
## Core tests. ##
## ----------- ##

configure:1699: checking whether make sets $(MAKE)
configure:1721: result: yes
configure:1773: checking for a BSD-compatible install
configure:1841: result: /usr/bin/install -c
configure:1856: checking build system type
configure:1870: result: x86_64-unknown-linux-gnu
configure:1890: checking host system type
configure:1903: result: x86_64-unknown-linux-gnu
configure:1923: checking target system type
configure:1936: result: x86_64-unknown-linux-gnu
configure:2157: checking for pcc
configure:2173: found /usr/local/sbin/pcc
configure:2184: result: pcc
configure:2251: checking for ar
configure:2267: found /usr/bin/ar
configure:2278: result: ar
configure:2343: checking for ranlib
configure:2359: found /usr/bin/ranlib
configure:2370: result: ranlib
configure:2546: creating ./config.status

## ---------------------- ##
## Running config.status. ##
## ---------------------- ##

This file was extended by pcc-libs config.status 1.2.0.DEVEL, which was
generated by GNU Autoconf 2.69.  Invocation command line was

  CONFIG_FILES    = 
  CONFIG_HEADERS  = 
  CONFIG_LINKS    = 
  CONFIG_COMMANDS = 
  $ ./config.status 

on fedora

config.status:742: creating Makefile
config.status:742: creating csu/Makefile
config.status:742: creating libsoftfloat/Makefile
config.status:742: creating libpcc/Makefile

## ---------------- ##
## Cache variables. ##
## ---------------- ##

ac_cv_build=x86_64-unknown-linux-gnu
ac_cv_env_build_alias_set=
ac_cv_env_build_alias_value=
ac_cv_env_host_alias_set=
ac_cv_env_host_alias_value=
ac_cv_env_target_alias_set=
ac_cv_env_target_alias_value=
ac_cv_host=x86_64-unknown-linux-gnu
ac_cv_path_install='/usr/bin/install -c'
ac_cv_prog_ac_ct_AR=ar
ac_cv_prog_ac_ct_CC=pcc
ac_cv_prog_ac_ct_RANLIB=ranlib
ac_cv_prog_make_make_set=yes
ac_cv_target=x86_64-unknown-linux-gnu

## ----------------- ##
## Output variables. ##
## ----------------- ##

AR='ar'
CC='pcc'
CFLAGS=''
CPPFLAGS=''
DEFS='-DPACKAGE_NAME=\"pcc-libs\" -DPACKAGE_TARNAME=\"pcc-libs\" -DPACKAGE_VERSION=\"1.2.0.DEVEL\" -DPACKAGE_STRING=\"pcc-libs\ 1.2.0.DEVEL\" -DPACKAGE_BUGREPORT=\"pcc@lists.ludd.ltu.se\" -DPACKAGE_URL=\"\"'
ECHO_C=''
ECHO_N='-n'
ECHO_T=''
ENDIAN_FLAG='-DTARGET_LITTLE_ENDIAN=1'
INSTALL_DATA='${INSTALL} -m 644'
INSTALL_PROGRAM='${INSTALL}'
INSTALL_SCRIPT='${INSTALL}'
LIBOBJS=''
LIBS=''
LTLIBOBJS=''
PACKAGE_BUGREPORT='pcc@lists.ludd.ltu.se'
PACKAGE_NAME='pcc-libs'
PACKAGE_STRING='pcc-libs 1.2.0.DEVEL'
PACKAGE_TARNAME='pcc-libs'
PACKAGE_URL=''
PACKAGE_VERSION='1.2.0.DEVEL'
PATH_SEPARATOR=':'
RANLIB='ranlib'
SET_MAKE=''
SHELL='/bin/sh'
ac_ct_CC='pcc'
bindir='${exec_prefix}/bin'
build='x86_64-unknown-linux-gnu'
build_alias=''
build_cpu='x86_64'
build_os='linux-gnu'
build_vendor='unknown'
datadir='${datarootdir}'
datarootdir='${prefix}/share'
docdir='${datarootdir}/doc/${PACKAGE_TARNAME}'
dvidir='${docdir}'
exec_prefix='${prefix}'
host='x86_64-unknown-linux-gnu'
host_alias=''
host_cpu='x86_64'
host_os='linux-gnu'
host_vendor='unknown'
htmldir='${docdir}'
includedir='${prefix}/include'
infodir='${datarootdir}/info'
libdir='${exec_prefix}/lib'
libexecdir='${exec_prefix}/libexec'
localedir='${datarootdir}/locale'
localstatedir='${prefix}/var'
mandir='${datarootdir}/man'
oldincludedir='/usr/include'
pdfdir='${docdir}'
prefix='/usr/local'
program_transform_name='s,x,x,'
psdir='${docdir}'
sbindir='${exec_prefix}/sbin'
sharedstatedir='${prefix}/com'
sysconfdir='${prefix}/etc'
target='x86_64-unknown-linux-gnu'
target_alias=''
target_cpu='x86_64'
target_os='linux-gnu'
target_vendor='unknown'
targmach='amd64'
targos='linux'
version='1.2.0.DEVEL'

## ----------- ##
## confdefs.h. ##
## ----------- ##

/* confdefs.h */
#define PACKAGE_NAME "pcc-libs"
#define PACKAGE_TARNAME "pcc-libs"
#define PACKAGE_VERSION "1.2.0.DEVEL"
#define PACKAGE_STRING "pcc-libs 1.2.0.DEVEL"
#define PACKAGE_BUGREPORT "pcc@lists.ludd.ltu.se"
#define PACKAGE_URL ""

configure: exit 0
